2018-11-21 22:59:25,254:DEBUG:aws.aws_interface:Trying to connect to aws..
2018-11-21 22:59:25,758:DEBUG:aws.aws_interface:connected to aws..
2018-11-21 23:00:28,163:DEBUG:aws.aws_interface:Trying to connect to aws..
2018-11-21 23:00:28,660:DEBUG:aws.aws_interface:connected to aws..
2018-11-21 23:00:28,664:DEBUG:aws.aws_interface:subscribed to topic -- dev_ae1a34597bc14b0ea2c82700f91de6f4/task, activated callback function <bound method Main.task_activation of <__main__.Main object at 0x76a4b610>>
2018-11-21 23:00:28,783:DEBUG:aws.aws_interface:subscribed to topic -- dev_ae1a34597bc14b0ea2c82700f91de6f4/task, activated callback function <bound method Main.task_activation of <__main__.Main object at 0x76a4b610>>
2018-11-21 23:07:41,396:DEBUG:aws.aws_interface:Trying to connect to aws..
2018-11-21 23:07:41,852:DEBUG:aws.aws_interface:connected to aws..
2018-11-21 23:07:41,857:DEBUG:aws.aws_interface:subscribed to topic -- dev_ae1a34597bc14b0ea2c82700f91de6f4/task, activated callback function <bound method Main.task_activation of <__main__.Main object at 0x76a8a610>>
2018-11-21 23:07:41,982:DEBUG:aws.aws_interface:subscribed to topic -- dev_ae1a34597bc14b0ea2c82700f91de6f4/task, activated callback function <bound method Main.task_activation of <__main__.Main object at 0x76a8a610>>
2018-11-21 23:10:17,706:DEBUG:aws.aws_interface:Trying to connect to aws..
2018-11-21 23:10:18,141:DEBUG:aws.aws_interface:connected to aws..
2018-11-21 23:10:18,145:DEBUG:aws.aws_interface:subscribed to topic -- dev_ae1a34597bc14b0ea2c82700f91de6f4/task, activated callback function <bound method Main.task_activation of <__main__.Main object at 0x76a00610>>
2018-11-21 23:10:18,274:DEBUG:aws.aws_interface:subscribed to topic -- dev_ae1a34597bc14b0ea2c82700f91de6f4/task, activated callback function <bound method Main.task_activation of <__main__.Main object at 0x76a00610>>
2018-11-21 23:10:53,083:DEBUG:aws.aws_interface:Trying to connect to aws..
2018-11-21 23:10:53,549:DEBUG:aws.aws_interface:connected to aws..
2018-11-21 23:10:53,553:DEBUG:aws.aws_interface:subscribed to topic -- dev_ae1a34597bc14b0ea2c82700f91de6f4/task, activated callback function <bound method Main.task_activation of <__main__.Main object at 0x76a4a610>>
2018-11-21 23:10:53,744:DEBUG:aws.aws_interface:subscribed to topic -- dev_ae1a34597bc14b0ea2c82700f91de6f4/task, activated callback function <bound method Main.task_activation of <__main__.Main object at 0x76a4a610>>
2018-11-21 23:12:18,640:DEBUG:aws.aws_interface:Trying to connect to aws..
2018-11-21 23:12:19,118:DEBUG:aws.aws_interface:connected to aws..
2018-11-21 23:12:19,122:DEBUG:aws.aws_interface:subscribed to topic -- dev_ae1a34597bc14b0ea2c82700f91de6f4/task, activated callback function <bound method Main.task_activation of <__main__.Main object at 0x76a46610>>
2018-11-21 23:12:19,258:DEBUG:aws.aws_interface:subscribed to topic -- dev_ae1a34597bc14b0ea2c82700f91de6f4/task, activated callback function <bound method Main.task_activation of <__main__.Main object at 0x76a46610>>
2018-11-21 23:13:26,175:DEBUG:aws.aws_interface:Trying to connect to aws..
2018-11-21 23:13:26,666:DEBUG:aws.aws_interface:connected to aws..
2018-11-21 23:13:26,675:DEBUG:aws.aws_interface:subscribed to topic -- dev_ae1a34597bc14b0ea2c82700f91de6f4/task, activated callback function <bound method Main.task_activation of <__main__.Main object at 0x76a21610>>
2018-11-21 23:13:26,802:DEBUG:aws.aws_interface:subscribed to topic -- dev_ae1a34597bc14b0ea2c82700f91de6f4/task, activated callback function <bound method Main.task_activation of <__main__.Main object at 0x76a21610>>
2018-11-21 23:14:09,650:DEBUG:aws.aws_interface:Trying to connect to aws..
2018-11-21 23:14:10,193:DEBUG:aws.aws_interface:connected to aws..
2018-11-21 23:14:10,200:DEBUG:aws.aws_interface:subscribed to topic -- dev_ae1a34597bc14b0ea2c82700f91de6f4/task, activated callback function <bound method Main.task_activation of <__main__.Main object at 0x769e8610>>
2018-11-21 23:14:10,359:DEBUG:aws.aws_interface:subscribed to topic -- dev_ae1a34597bc14b0ea2c82700f91de6f4/task, activated callback function <bound method Main.task_activation of <__main__.Main object at 0x769e8610>>
2018-11-21 23:14:54,067:DEBUG:aws.aws_interface:Trying to connect to aws..
2018-11-21 23:14:54,611:DEBUG:aws.aws_interface:connected to aws..
2018-11-21 23:14:54,618:DEBUG:aws.aws_interface:subscribed to topic -- dev_ae1a34597bc14b0ea2c82700f91de6f4/task, activated callback function <bound method Main.task_activation of <__main__.Main object at 0x76a36610>>
2018-11-21 23:14:54,757:DEBUG:aws.aws_interface:subscribed to topic -- dev_ae1a34597bc14b0ea2c82700f91de6f4/task, activated callback function <bound method Main.task_activation of <__main__.Main object at 0x76a36610>>
2018-11-21 23:16:00,170:DEBUG:aws.aws_interface:Trying to connect to aws..
2018-11-21 23:16:00,618:DEBUG:aws.aws_interface:connected to aws..
2018-11-21 23:16:00,623:DEBUG:aws.aws_interface:subscribed to topic -- dev_ae1a34597bc14b0ea2c82700f91de6f4/task, activated callback function <bound method Main.task_activation of <__main__.Main object at 0x769f7610>>
2018-11-21 23:16:00,757:DEBUG:aws.aws_interface:subscribed to topic -- dev_ae1a34597bc14b0ea2c82700f91de6f4/task, activated callback function <bound method Main.task_activation of <__main__.Main object at 0x769f7610>>
2018-11-21 23:17:11,347:DEBUG:aws.aws_interface:Trying to connect to aws..
2018-11-21 23:17:11,865:DEBUG:aws.aws_interface:connected to aws..
2018-11-21 23:17:11,870:DEBUG:aws.aws_interface:subscribed to topic -- dev_ae1a34597bc14b0ea2c82700f91de6f4/task, activated callback function <bound method Main.task_activation of <__main__.Main object at 0x76a25610>>
2018-11-21 23:17:12,008:DEBUG:aws.aws_interface:subscribed to topic -- dev_ae1a34597bc14b0ea2c82700f91de6f4/task, activated callback function <bound method Main.task_activation of <__main__.Main object at 0x76a25610>>
2018-11-21 23:19:14,359:DEBUG:aws.aws_interface:Trying to connect to aws..
2018-11-21 23:19:14,813:DEBUG:aws.aws_interface:connected to aws..
2018-11-21 23:19:14,818:DEBUG:aws.aws_interface:subscribed to topic -- dev_ae1a34597bc14b0ea2c82700f91de6f4/task, activated callback function <bound method Main.task_activation of <__main__.Main object at 0x76a49610>>
2018-11-21 23:19:14,939:DEBUG:aws.aws_interface:subscribed to topic -- dev_ae1a34597bc14b0ea2c82700f91de6f4/task, activated callback function <bound method Main.task_activation of <__main__.Main object at 0x76a49610>>
2018-11-21 23:19:43,614:DEBUG:aws.aws_interface:Trying to connect to aws..
2018-11-21 23:19:44,059:DEBUG:aws.aws_interface:connected to aws..
2018-11-21 23:19:44,063:DEBUG:aws.aws_interface:subscribed to topic -- dev_ae1a34597bc14b0ea2c82700f91de6f4/task, activated callback function <bound method Main.task_activation of <__main__.Main object at 0x769ec610>>
2018-11-21 23:19:44,181:DEBUG:aws.aws_interface:subscribed to topic -- dev_ae1a34597bc14b0ea2c82700f91de6f4/task, activated callback function <bound method Main.task_activation of <__main__.Main object at 0x769ec610>>
2018-11-21 23:21:59,536:DEBUG:aws.aws_interface:Trying to connect to aws..
2018-11-21 23:22:00,011:DEBUG:aws.aws_interface:connected to aws..
2018-11-21 23:22:00,019:DEBUG:aws.aws_interface:subscribed to topic -- dev_ae1a34597bc14b0ea2c82700f91de6f4/task, activated callback function <bound method Main.task_activation of <__main__.Main object at 0x76aa2610>>
2018-11-21 23:22:00,159:DEBUG:aws.aws_interface:subscribed to topic -- dev_ae1a34597bc14b0ea2c82700f91de6f4/task, activated callback function <bound method Main.task_activation of <__main__.Main object at 0x76aa2610>>
2018-11-23 19:29:16,141:DEBUG:aws.aws_interface:Trying to connect to aws..
2018-11-23 19:29:16,154:WARNING:aws.aws_interface:Not connected to aws..
2018-11-23 19:29:16,154:WARNING:aws.aws_interface:[Errno -3] Temporary failure in name resolution
2018-11-23 19:29:21,161:DEBUG:aws.aws_interface:Trying to connect to aws..
2018-11-23 19:29:21,173:WARNING:aws.aws_interface:Not connected to aws..
2018-11-23 19:29:21,174:WARNING:aws.aws_interface:[Errno -3] Temporary failure in name resolution
2018-11-23 19:29:26,181:DEBUG:aws.aws_interface:Trying to connect to aws..
2018-11-23 19:29:26,680:DEBUG:aws.aws_interface:connected to aws..
2018-11-23 19:29:26,705:DEBUG:aws.aws_interface:subscribed to topic -- dev_ae1a34597bc14b0ea2c82700f91de6f4/task, activated callback function <bound method Main.task_activation of <__main__.Main object at 0x76a78610>>
2018-11-23 19:31:03,292:DEBUG:aws.aws_interface:Trying to connect to aws..
2018-11-23 19:31:03,753:DEBUG:aws.aws_interface:connected to aws..
2018-11-23 19:31:03,789:DEBUG:aws.aws_interface:subscribed to topic -- dev_ae1a34597bc14b0ea2c82700f91de6f4/task, activated callback function <bound method Main.task_activation of <__main__.Main object at 0x76a1b610>>
2018-11-23 19:31:35,774:DEBUG:aws.aws_interface:Trying to connect to aws..
2018-11-23 19:31:36,213:DEBUG:aws.aws_interface:connected to aws..
2018-11-23 19:31:36,240:DEBUG:aws.aws_interface:subscribed to topic -- dev_ae1a34597bc14b0ea2c82700f91de6f4/task, activated callback function <bound method Main.task_activation of <__main__.Main object at 0x76abe610>>
2018-11-23 19:33:02,419:DEBUG:aws.aws_interface:Trying to connect to aws..
2018-11-23 19:33:02,904:DEBUG:aws.aws_interface:connected to aws..
2018-11-23 19:33:02,931:DEBUG:aws.aws_interface:subscribed to topic -- dev_ae1a34597bc14b0ea2c82700f91de6f4/task, activated callback function <bound method Main.task_activation of <__main__.Main object at 0x76a3b610>>
2018-11-23 20:55:54,637:DEBUG:aws.aws_interface:Trying to connect to aws..
2018-11-23 20:55:55,100:DEBUG:aws.aws_interface:connected to aws..
2018-11-23 20:55:55,120:DEBUG:aws.aws_interface:subscribed to topic -- dev_ae1a34597bc14b0ea2c82700f91de6f4/task, activated callback function <bound method Main.task_activation of <__main__.Main object at 0x76aa5610>>
2018-11-23 20:57:31,977:DEBUG:aws.aws_interface:Trying to connect to aws..
2018-11-23 20:57:32,497:DEBUG:aws.aws_interface:connected to aws..
2018-11-23 20:57:32,537:DEBUG:aws.aws_interface:subscribed to topic -- dev_ae1a34597bc14b0ea2c82700f91de6f4/task, activated callback function <bound method Main.task_activation of <__main__.Main object at 0x769da610>>
2018-11-23 21:00:14,194:DEBUG:aws.aws_interface:Trying to connect to aws..
2018-11-23 21:00:14,651:DEBUG:aws.aws_interface:connected to aws..
2018-11-23 21:00:14,710:DEBUG:aws.aws_interface:subscribed to topic -- dev_ae1a34597bc14b0ea2c82700f91de6f4/task, activated callback function <bound method Main.task_activation of <__main__.Main object at 0x769e8610>>
2018-11-23 21:03:12,273:DEBUG:aws.aws_interface:Trying to connect to aws..
2018-11-23 21:03:12,784:DEBUG:aws.aws_interface:connected to aws..
2018-11-23 21:03:12,819:DEBUG:aws.aws_interface:subscribed to topic -- dev_ae1a34597bc14b0ea2c82700f91de6f4/task, activated callback function <bound method Main.task_activation of <__main__.Main object at 0x76ac1610>>
2018-11-23 21:04:08,063:DEBUG:aws.aws_interface:Trying to connect to aws..
2018-11-23 21:04:08,498:DEBUG:aws.aws_interface:connected to aws..
2018-11-23 21:04:08,517:DEBUG:aws.aws_interface:subscribed to topic -- dev_ae1a34597bc14b0ea2c82700f91de6f4/task, activated callback function <bound method Main.task_activation of <__main__.Main object at 0x76a8b610>>
2018-11-23 21:05:03,390:DEBUG:aws.aws_interface:Trying to connect to aws..
2018-11-23 21:05:03,982:DEBUG:aws.aws_interface:connected to aws..
2018-11-23 21:05:04,038:DEBUG:aws.aws_interface:subscribed to topic -- dev_ae1a34597bc14b0ea2c82700f91de6f4/task, activated callback function <bound method Main.task_activation of <__main__.Main object at 0x76a34610>>
2018-11-23 21:06:09,141:DEBUG:aws.aws_interface:Trying to connect to aws..
2018-11-23 21:06:09,582:DEBUG:aws.aws_interface:connected to aws..
2018-11-23 21:06:09,607:DEBUG:aws.aws_interface:subscribed to topic -- dev_ae1a34597bc14b0ea2c82700f91de6f4/task, activated callback function <bound method Main.task_activation of <__main__.Main object at 0x76a91610>>
2018-11-23 21:09:22,696:DEBUG:aws.aws_interface:Trying to connect to aws..
2018-11-23 21:09:23,159:DEBUG:aws.aws_interface:connected to aws..
2018-11-23 21:09:23,184:DEBUG:aws.aws_interface:subscribed to topic -- dev_ae1a34597bc14b0ea2c82700f91de6f4/task, activated callback function <bound method Main.task_activation of <__main__.Main object at 0x769fc610>>
2018-11-23 21:16:15,562:DEBUG:aws.aws_interface:Trying to connect to aws..
2018-11-23 21:16:16,103:DEBUG:aws.aws_interface:connected to aws..
2018-11-23 21:16:16,154:DEBUG:aws.aws_interface:subscribed to topic -- dev_ae1a34597bc14b0ea2c82700f91de6f4/task, activated callback function <bound method Main.task_activation of <__main__.Main object at 0x76a4e610>>
2018-11-23 21:36:32,174:DEBUG:aws.aws_interface:Trying to connect to aws..
2018-11-23 21:36:32,622:DEBUG:aws.aws_interface:connected to aws..
2018-11-23 21:36:32,654:DEBUG:aws.aws_interface:subscribed to topic -- dev_ae1a34597bc14b0ea2c82700f91de6f4/task, activated callback function <bound method Main.task_activation of <__main__.Main object at 0x76a23f50>>
2018-11-23 22:02:46,594:DEBUG:aws.aws_interface:Trying to connect to aws..
2018-11-23 22:02:47,065:DEBUG:aws.aws_interface:connected to aws..
2018-11-23 22:02:47,121:DEBUG:aws.aws_interface:subscribed to topic -- dev_ae1a34597bc14b0ea2c82700f91de6f4/task, activated callback function <bound method Main.task_activation of <__main__.Main object at 0x769a1f50>>
2018-11-23 22:20:03,404:DEBUG:aws.aws_interface:Trying to connect to aws..
2018-11-23 22:20:04,133:DEBUG:aws.aws_interface:connected to aws..
2018-11-23 22:20:04,161:DEBUG:aws.aws_interface:subscribed to topic -- dev_ae1a34597bc14b0ea2c82700f91de6f4/task, activated callback function <bound method Main.task_activation of <__main__.Main object at 0x76a01f50>>
2018-11-23 23:08:24,966:DEBUG:aws.aws_interface:Trying to connect to aws..
2018-11-23 23:08:25,539:DEBUG:aws.aws_interface:connected to aws..
2018-11-23 23:08:25,574:DEBUG:aws.aws_interface:subscribed to topic -- dev_ae1a34597bc14b0ea2c82700f91de6f4/task, activated callback function <bound method Main.task_activation of <__main__.Main object at 0x76a05f50>>
2018-11-23 23:12:27,078:DEBUG:aws.aws_interface:Trying to connect to aws..
2018-11-23 23:12:27,527:DEBUG:aws.aws_interface:connected to aws..
2018-11-23 23:12:27,580:DEBUG:aws.aws_interface:subscribed to topic -- dev_ae1a34597bc14b0ea2c82700f91de6f4/task, activated callback function <bound method Main.task_activation of <__main__.Main object at 0x769ecf50>>
2018-11-23 23:34:44,579:DEBUG:aws.aws_interface:Trying to connect to aws..
2018-11-23 23:34:45,124:DEBUG:aws.aws_interface:connected to aws..
2018-11-23 23:34:45,149:DEBUG:aws.aws_interface:subscribed to topic -- dev_ae1a34597bc14b0ea2c82700f91de6f4/task, activated callback function <bound method Main.task_activation of <__main__.Main object at 0x769f5f50>>
2018-11-23 23:39:05,619:DEBUG:aws.aws_interface:Trying to connect to aws..
2018-11-23 23:39:06,076:DEBUG:aws.aws_interface:connected to aws..
2018-11-23 23:39:06,096:DEBUG:aws.aws_interface:subscribed to topic -- dev_ae1a34597bc14b0ea2c82700f91de6f4/task, activated callback function <bound method Main.task_activation of <__main__.Main object at 0x76a75f50>>
2018-11-23 23:46:33,797:DEBUG:aws.aws_interface:Trying to connect to aws..
2018-11-23 23:46:34,274:DEBUG:aws.aws_interface:connected to aws..
2018-11-23 23:46:34,291:DEBUG:aws.aws_interface:subscribed to topic -- dev_ae1a34597bc14b0ea2c82700f91de6f4/task, activated callback function <bound method Main.task_activation of <__main__.Main object at 0x76a5df50>>
2018-11-23 23:53:07,887:DEBUG:aws.aws_interface:Trying to connect to aws..
2018-11-23 23:53:08,439:DEBUG:aws.aws_interface:connected to aws..
2018-11-23 23:53:08,489:DEBUG:aws.aws_interface:subscribed to topic -- dev_ae1a34597bc14b0ea2c82700f91de6f4/task, activated callback function <bound method Main.task_activation of <__main__.Main object at 0x76a71f50>>
2018-11-24 00:00:35,187:DEBUG:aws.aws_interface:Trying to connect to aws..
2018-11-24 00:00:35,647:DEBUG:aws.aws_interface:connected to aws..
2018-11-24 00:00:35,674:DEBUG:aws.aws_interface:subscribed to topic -- dev_ae1a34597bc14b0ea2c82700f91de6f4/task, activated callback function <bound method Main.task_activation of <__main__.Main object at 0x76a06f50>>
2018-11-24 00:29:23,342:DEBUG:aws.aws_interface:Trying to connect to aws..
2018-11-24 00:29:23,800:DEBUG:aws.aws_interface:connected to aws..
2018-11-24 00:29:23,843:DEBUG:aws.aws_interface:subscribed to topic -- dev_ae1a34597bc14b0ea2c82700f91de6f4/task, activated callback function <bound method Main.task_activation of <__main__.Main object at 0x76a40f50>>
2018-11-24 00:37:26,133:DEBUG:aws.aws_interface:Trying to connect to aws..
2018-11-24 00:37:26,639:DEBUG:aws.aws_interface:connected to aws..
2018-11-24 00:37:26,672:DEBUG:aws.aws_interface:subscribed to topic -- dev_ae1a34597bc14b0ea2c82700f91de6f4/task, activated callback function <bound method Main.task_activation of <__main__.Main object at 0x76a46f50>>
2018-11-24 00:49:16,598:DEBUG:aws.aws_interface:Trying to connect to aws..
2018-11-24 00:49:17,068:DEBUG:aws.aws_interface:connected to aws..
2018-11-24 00:49:17,099:DEBUG:aws.aws_interface:subscribed to topic -- dev_ae1a34597bc14b0ea2c82700f91de6f4/task, activated callback function <bound method Main.task_activation of <__main__.Main object at 0x76a70f50>>
2018-11-24 00:54:22,812:DEBUG:aws.aws_interface:Trying to connect to aws..
2018-11-24 00:54:23,373:DEBUG:aws.aws_interface:connected to aws..
2018-11-24 00:54:23,400:DEBUG:aws.aws_interface:subscribed to topic -- dev_ae1a34597bc14b0ea2c82700f91de6f4/task, activated callback function <bound method Main.task_activation of <__main__.Main object at 0x76a4ff50>>
2018-11-24 00:56:21,864:DEBUG:aws.aws_interface:Trying to connect to aws..
2018-11-24 00:56:22,318:DEBUG:aws.aws_interface:connected to aws..
2018-11-24 00:56:22,356:DEBUG:aws.aws_interface:subscribed to topic -- dev_ae1a34597bc14b0ea2c82700f91de6f4/task, activated callback function <bound method Main.task_activation of <__main__.Main object at 0x769a0f50>>
2018-11-24 00:58:48,982:DEBUG:aws.aws_interface:Trying to connect to aws..
2018-11-24 00:58:49,443:DEBUG:aws.aws_interface:connected to aws..
2018-11-24 00:58:49,475:DEBUG:aws.aws_interface:subscribed to topic -- dev_ae1a34597bc14b0ea2c82700f91de6f4/task, activated callback function <bound method Main.task_activation of <__main__.Main object at 0x76a33f50>>
2018-11-24 01:03:19,922:DEBUG:aws.aws_interface:Trying to connect to aws..
2018-11-24 01:03:20,457:DEBUG:aws.aws_interface:connected to aws..
2018-11-24 01:03:20,492:DEBUG:aws.aws_interface:subscribed to topic -- dev_ae1a34597bc14b0ea2c82700f91de6f4/task, activated callback function <bound method Main.task_activation of <__main__.Main object at 0x76a67f50>>
2018-11-24 01:06:17,555:DEBUG:aws.aws_interface:Trying to connect to aws..
2018-11-24 01:06:18,073:DEBUG:aws.aws_interface:connected to aws..
2018-11-24 01:06:18,112:DEBUG:aws.aws_interface:subscribed to topic -- dev_ae1a34597bc14b0ea2c82700f91de6f4/task, activated callback function <bound method Main.task_activation of <__main__.Main object at 0x76a3af50>>
2018-11-24 01:23:48,377:DEBUG:aws.aws_interface:Trying to connect to aws..
2018-11-24 01:23:48,838:DEBUG:aws.aws_interface:connected to aws..
2018-11-24 01:23:48,874:DEBUG:aws.aws_interface:subscribed to topic -- dev_ae1a34597bc14b0ea2c82700f91de6f4/task, activated callback function <bound method Main.task_activation of <__main__.Main object at 0x769f3f50>>
2018-11-24 02:34:29,683:DEBUG:aws.aws_interface:Trying to connect to aws..
2018-11-24 02:34:30,185:DEBUG:aws.aws_interface:connected to aws..
2018-11-24 02:34:30,229:DEBUG:aws.aws_interface:subscribed to topic -- dev_ae1a34597bc14b0ea2c82700f91de6f4/task, activated callback function <bound method Main.task_activation of <__main__.Main object at 0x769d4f50>>
2018-11-24 02:48:37,480:DEBUG:aws.aws_interface:Trying to connect to aws..
2018-11-24 02:48:37,948:DEBUG:aws.aws_interface:connected to aws..
2018-11-24 02:48:37,976:DEBUG:aws.aws_interface:subscribed to topic -- dev_ae1a34597bc14b0ea2c82700f91de6f4/task, activated callback function <bound method Main.task_activation of <__main__.Main object at 0x76a81f50>>
2018-11-24 11:13:00,319:DEBUG:aws.aws_interface:Trying to connect to aws..
2018-11-24 11:13:00,854:DEBUG:aws.aws_interface:connected to aws..
2018-11-24 11:13:00,893:DEBUG:aws.aws_interface:subscribed to topic -- dev_ae1a34597bc14b0ea2c82700f91de6f4/task, activated callback function <bound method Main.task_activation of <__main__.Main object at 0x7699df30>>
2018-11-24 12:04:14,173:DEBUG:aws.aws_interface:Trying to connect to aws..
2018-11-24 12:04:14,698:DEBUG:aws.aws_interface:connected to aws..
2018-11-24 12:04:14,749:DEBUG:aws.aws_interface:subscribed to topic -- dev_ae1a34597bc14b0ea2c82700f91de6f4/task, activated callback function <bound method Main.task_activation of <__main__.Main object at 0x76a0df30>>
2018-11-24 12:17:09,026:DEBUG:aws.aws_interface:Trying to connect to aws..
2018-11-24 12:17:09,506:DEBUG:aws.aws_interface:connected to aws..
2018-11-24 12:17:09,555:DEBUG:aws.aws_interface:subscribed to topic -- dev_ae1a34597bc14b0ea2c82700f91de6f4/task, activated callback function <bound method Main.task_activation of <__main__.Main object at 0x76a23f50>>
2018-11-24 12:31:02,215:DEBUG:aws.aws_interface:Trying to connect to aws..
2018-11-24 12:31:02,774:DEBUG:aws.aws_interface:connected to aws..
2018-11-24 12:31:02,803:DEBUG:aws.aws_interface:subscribed to topic -- dev_ae1a34597bc14b0ea2c82700f91de6f4/task, activated callback function <bound method Main.task_activation of <__main__.Main object at 0x76a52f50>>
2018-11-24 12:37:05,364:DEBUG:aws.aws_interface:Trying to connect to aws..
2018-11-24 12:37:05,837:DEBUG:aws.aws_interface:connected to aws..
2018-11-24 12:37:05,866:DEBUG:aws.aws_interface:subscribed to topic -- dev_ae1a34597bc14b0ea2c82700f91de6f4/task, activated callback function <bound method Main.task_activation of <__main__.Main object at 0x76a36f50>>
2018-11-24 13:01:54,786:DEBUG:aws.aws_interface:Trying to connect to aws..
2018-11-24 13:01:55,278:DEBUG:aws.aws_interface:connected to aws..
2018-11-24 13:01:55,346:DEBUG:aws.aws_interface:subscribed to topic -- dev_ae1a34597bc14b0ea2c82700f91de6f4/task, activated callback function <bound method Main.task_activation of <__main__.Main object at 0x76a72f50>>
2018-11-24 13:06:29,465:DEBUG:aws.aws_interface:Trying to connect to aws..
2018-11-24 13:06:29,947:DEBUG:aws.aws_interface:connected to aws..
2018-11-24 13:06:29,975:DEBUG:aws.aws_interface:subscribed to topic -- dev_ae1a34597bc14b0ea2c82700f91de6f4/task, activated callback function <bound method Main.task_activation of <__main__.Main object at 0x76a69f50>>
2018-11-24 13:09:28,393:DEBUG:aws.aws_interface:Trying to connect to aws..
2018-11-24 13:09:28,877:DEBUG:aws.aws_interface:connected to aws..
2018-11-24 13:09:28,914:DEBUG:aws.aws_interface:subscribed to topic -- dev_ae1a34597bc14b0ea2c82700f91de6f4/task, activated callback function <bound method Main.task_activation of <__main__.Main object at 0x769e3f50>>
2018-11-24 13:14:41,534:DEBUG:aws.aws_interface:Trying to connect to aws..
2018-11-24 13:14:42,020:DEBUG:aws.aws_interface:connected to aws..
2018-11-24 13:14:42,048:DEBUG:aws.aws_interface:subscribed to topic -- dev_ae1a34597bc14b0ea2c82700f91de6f4/task, activated callback function <bound method Main.task_activation of <__main__.Main object at 0x769a2f50>>
2018-11-24 13:15:40,464:DEBUG:aws.aws_interface:Trying to connect to aws..
2018-11-24 13:15:40,910:DEBUG:aws.aws_interface:connected to aws..
2018-11-24 13:15:40,940:DEBUG:aws.aws_interface:subscribed to topic -- dev_ae1a34597bc14b0ea2c82700f91de6f4/task, activated callback function <bound method Main.task_activation of <__main__.Main object at 0x76a21f50>>
2018-11-24 13:23:51,664:DEBUG:aws.aws_interface:Trying to connect to aws..
2018-11-24 13:23:52,129:DEBUG:aws.aws_interface:connected to aws..
2018-11-24 13:23:52,170:DEBUG:aws.aws_interface:subscribed to topic -- dev_ae1a34597bc14b0ea2c82700f91de6f4/task, activated callback function <bound method Main.task_activation of <__main__.Main object at 0x769ccf50>>
2018-11-24 13:33:00,050:DEBUG:aws.aws_interface:Trying to connect to aws..
2018-11-24 13:33:00,583:DEBUG:aws.aws_interface:connected to aws..
2018-11-24 13:33:00,616:DEBUG:aws.aws_interface:subscribed to topic -- dev_ae1a34597bc14b0ea2c82700f91de6f4/task, activated callback function <bound method Main.task_activation of <__main__.Main object at 0x76a3ff50>>
2018-11-24 14:09:04,262:DEBUG:aws.aws_interface:Trying to connect to aws..
2018-11-24 14:09:04,806:DEBUG:aws.aws_interface:connected to aws..
2018-11-24 14:09:04,839:DEBUG:aws.aws_interface:subscribed to topic -- dev_ae1a34597bc14b0ea2c82700f91de6f4/task, activated callback function <bound method Main.task_activation of <__main__.Main object at 0x76a02f50>>
2018-11-24 14:15:42,158:DEBUG:aws.aws_interface:Trying to connect to aws..
2018-11-24 14:15:42,619:DEBUG:aws.aws_interface:connected to aws..
2018-11-24 14:15:42,661:DEBUG:aws.aws_interface:subscribed to topic -- dev_ae1a34597bc14b0ea2c82700f91de6f4/task, activated callback function <bound method Main.task_activation of <__main__.Main object at 0x76a17f50>>
2018-11-24 14:16:57,846:DEBUG:aws.aws_interface:Trying to connect to aws..
2018-11-24 14:16:58,320:DEBUG:aws.aws_interface:connected to aws..
2018-11-24 14:16:58,346:DEBUG:aws.aws_interface:subscribed to topic -- dev_ae1a34597bc14b0ea2c82700f91de6f4/task, activated callback function <bound method Main.task_activation of <__main__.Main object at 0x7699ff50>>
2018-11-24 14:22:04,437:DEBUG:aws.aws_interface:Trying to connect to aws..
2018-11-24 14:22:04,963:DEBUG:aws.aws_interface:connected to aws..
2018-11-24 14:22:04,993:DEBUG:aws.aws_interface:subscribed to topic -- dev_ae1a34597bc14b0ea2c82700f91de6f4/task, activated callback function <bound method Main.task_activation of <__main__.Main object at 0x76a86f50>>
2018-11-24 14:22:43,730:DEBUG:aws.aws_interface:Trying to send data to aws..
2018-11-24 14:22:43,841:DEBUG:aws.aws_interface:packet sent to aws sucessfull
2018-11-24 14:23:19,880:DEBUG:aws.aws_interface:Trying to send data to aws..
2018-11-24 14:23:19,990:DEBUG:aws.aws_interface:packet sent to aws sucessfull
2018-11-24 14:23:50,108:DEBUG:aws.aws_interface:Trying to send data to aws..
2018-11-24 14:23:50,229:DEBUG:aws.aws_interface:packet sent to aws sucessfull
2018-11-24 14:24:26,259:DEBUG:aws.aws_interface:Trying to send data to aws..
2018-11-24 14:24:26,372:DEBUG:aws.aws_interface:packet sent to aws sucessfull
2018-11-24 14:24:26,374:DEBUG:aws.aws_interface:Trying to send data to aws..
2018-11-24 14:24:26,481:DEBUG:aws.aws_interface:packet sent to aws sucessfull
2018-11-24 14:24:56,581:DEBUG:aws.aws_interface:Trying to send data to aws..
2018-11-24 14:24:56,694:DEBUG:aws.aws_interface:packet sent to aws sucessfull
2018-11-24 14:25:32,859:DEBUG:aws.aws_interface:Trying to send data to aws..
2018-11-24 14:25:32,989:DEBUG:aws.aws_interface:packet sent to aws sucessfull
2018-11-24 14:26:03,113:DEBUG:aws.aws_interface:Trying to send data to aws..
2018-11-24 14:26:03,234:DEBUG:aws.aws_interface:packet sent to aws sucessfull
2018-11-24 14:26:03,235:DEBUG:aws.aws_interface:Trying to send data to aws..
2018-11-24 14:26:03,342:DEBUG:aws.aws_interface:packet sent to aws sucessfull
2018-11-24 14:26:39,406:DEBUG:aws.aws_interface:Trying to send data to aws..
2018-11-24 14:26:39,522:DEBUG:aws.aws_interface:packet sent to aws sucessfull
2018-11-24 14:27:25,745:DEBUG:aws.aws_interface:Trying to send data to aws..
2018-11-24 14:27:25,854:DEBUG:aws.aws_interface:packet sent to aws sucessfull
2018-11-24 14:27:25,856:DEBUG:aws.aws_interface:Trying to send data to aws..
2018-11-24 14:27:25,965:DEBUG:aws.aws_interface:packet sent to aws sucessfull
2018-11-24 14:27:25,966:DEBUG:aws.aws_interface:Trying to send data to aws..
2018-11-24 14:27:26,074:DEBUG:aws.aws_interface:packet sent to aws sucessfull
